10.389262 M parameters
Found cached dataset parquet (file:///vast/home/ajherman/.cache/huggingface/datasets/nRuaif___parquet/nRuaif--tinystories-gpt4-69e0c67f20b31c3b/0.0.0/2a3b91fbd88a2c90d1dbbb32b460cf621d31bd5b05b934492fdef7d8d6f236ec)
Traceback (most recent call last):
  File "/vast/home/ajherman/attention/main.py", line 114, in <module>
    dataset = load_dataset("nRuaif/tinystories-gpt4",split="train")
              ^^^^^^^^^^^^^^^^^^^^^^^^^^^^^^^^^^^^^^^^^^^^^^^^^^^^^
  File "/vast/home/ajherman/miniconda3/envs/pytorch/lib/python3.11/site-packages/datasets/load.py", line 1810, in load_dataset
    ds = builder_instance.as_dataset(split=split, verification_mode=verification_mode, in_memory=keep_in_memory)
         ^^^^^^^^^^^^^^^^^^^^^^^^^^^^^^^^^^^^^^^^^^^^^^^^^^^^^^^^^^^^^^^^^^^^^^^^^^^^^^^^^^^^^^^^^^^^^^^^^^^^^^^
  File "/vast/home/ajherman/miniconda3/envs/pytorch/lib/python3.11/site-packages/datasets/builder.py", line 1107, in as_dataset
    raise NotImplementedError(f"Loading a dataset cached in a {type(self._fs).__name__} is not supported.")
NotImplementedError: Loading a dataset cached in a LocalFileSystem is not supported.
10.389262 M parameters
Found cached dataset parquet (file:///vast/home/ajherman/.cache/huggingface/datasets/nRuaif___parquet/nRuaif--tinystories-gpt4-69e0c67f20b31c3b/0.0.0/2a3b91fbd88a2c90d1dbbb32b460cf621d31bd5b05b934492fdef7d8d6f236ec)
Traceback (most recent call last):
  File "/vast/home/ajherman/attention/main.py", line 114, in <module>
    dataset = load_dataset("nRuaif/tinystories-gpt4",split="train")
              ^^^^^^^^^^^^^^^^^^^^^^^^^^^^^^^^^^^^^^^^^^^^^^^^^^^^^
  File "/vast/home/ajherman/miniconda3/envs/pytorch/lib/python3.11/site-packages/datasets/load.py", line 1810, in load_dataset
    ds = builder_instance.as_dataset(split=split, verification_mode=verification_mode, in_memory=keep_in_memory)
         ^^^^^^^^^^^^^^^^^^^^^^^^^^^^^^^^^^^^^^^^^^^^^^^^^^^^^^^^^^^^^^^^^^^^^^^^^^^^^^^^^^^^^^^^^^^^^^^^^^^^^^^
  File "/vast/home/ajherman/miniconda3/envs/pytorch/lib/python3.11/site-packages/datasets/builder.py", line 1107, in as_dataset
    raise NotImplementedError(f"Loading a dataset cached in a {type(self._fs).__name__} is not supported.")
NotImplementedError: Loading a dataset cached in a LocalFileSystem is not supported.
10.389262 M parameters
Traceback (most recent call last):
  File "/vast/home/ajherman/attention/main.py", line 115, in <module>
    dataset = load_dataset("nRuaif/tinystories-gpt4",cache_dir=data_cache_dir,split='train')
              ^^^^^^^^^^^^^^^^^^^^^^^^^^^^^^^^^^^^^^^^^^^^^^^^^^^^^^^^^^^^^^^^^^^^^^^^^^^^^^
  File "/vast/home/ajherman/miniconda3/envs/pytorch/lib/python3.11/site-packages/datasets/load.py", line 1773, in load_dataset
    builder_instance = load_dataset_builder(
                       ^^^^^^^^^^^^^^^^^^^^^
  File "/vast/home/ajherman/miniconda3/envs/pytorch/lib/python3.11/site-packages/datasets/load.py", line 1528, in load_dataset_builder
    builder_instance: DatasetBuilder = builder_cls(
                                       ^^^^^^^^^^^^
  File "/vast/home/ajherman/miniconda3/envs/pytorch/lib/python3.11/site-packages/datasets/builder.py", line 378, in __init__
    os.makedirs(self._cache_dir_root, exist_ok=True)
  File "<frozen os>", line 215, in makedirs
  File "<frozen os>", line 225, in makedirs
PermissionError: [Errno 13] Permission denied: '/home/ari'
10.389262 M parameters
Traceback (most recent call last):
  File "/vast/home/ajherman/attention/main.py", line 115, in <module>
    dataset = load_dataset("nRuaif/tinystories-gpt4",cache_dir=data_cache_dir,split='train')
              ^^^^^^^^^^^^^^^^^^^^^^^^^^^^^^^^^^^^^^^^^^^^^^^^^^^^^^^^^^^^^^^^^^^^^^^^^^^^^^
  File "/vast/home/ajherman/miniconda3/envs/pytorch/lib/python3.11/site-packages/datasets/load.py", line 1773, in load_dataset
    builder_instance = load_dataset_builder(
                       ^^^^^^^^^^^^^^^^^^^^^
  File "/vast/home/ajherman/miniconda3/envs/pytorch/lib/python3.11/site-packages/datasets/load.py", line 1528, in load_dataset_builder
    builder_instance: DatasetBuilder = builder_cls(
                                       ^^^^^^^^^^^^
  File "/vast/home/ajherman/miniconda3/envs/pytorch/lib/python3.11/site-packages/datasets/builder.py", line 378, in __init__
    os.makedirs(self._cache_dir_root, exist_ok=True)
  File "<frozen os>", line 225, in makedirs
PermissionError: [Errno 13] Permission denied: '/ram/mnt/local/ssd1'
10.389262 M parameters
Downloading and preparing dataset parquet/nRuaif--tinystories-gpt4 to file:///ram/tmp/nRuaif___parquet/nRuaif--tinystories-gpt4-69e0c67f20b31c3b/0.0.0/2a3b91fbd88a2c90d1dbbb32b460cf621d31bd5b05b934492fdef7d8d6f236ec...
Downloading data files:   0%|          | 0/2 [00:00<?, ?it/s]
Downloading data:   0%|          | 0.00/1.13G [00:00<?, ?B/s][A
Downloading data:   0%|          | 457k/1.13G [00:00<04:06, 4.56MB/s][A
Downloading data:   0%|          | 5.15M/1.13G [00:00<00:38, 29.5MB/s][A
Downloading data:   1%|â–         | 15.0M/1.13G [00:00<00:18, 61.1MB/s][A
Downloading data:   2%|â–         | 27.9M/1.13G [00:00<00:12, 87.7MB/s][A
Downloading data:   3%|â–Ž         | 39.3M/1.13G [00:00<00:11, 97.3MB/s][A
Downloading data:   4%|â–         | 49.0M/1.13G [00:00<00:11, 95.5MB/s][A
Downloading data:   5%|â–Œ         | 61.0M/1.13G [00:00<00:10, 103MB/s] [A
Downloading data:   7%|â–‹         | 74.1M/1.13G [00:00<00:09, 112MB/s][A
Downloading data:   8%|â–Š         | 85.3M/1.13G [00:00<00:09, 112MB/s][A
Downloading data:   9%|â–Š         | 96.6M/1.13G [00:01<00:09, 112MB/s][A
Downloading data:  10%|â–‰         | 108M/1.13G [00:01<00:09, 111MB/s] [A
Downloading data:  11%|â–ˆ         | 119M/1.13G [00:01<00:09, 110MB/s][A
Downloading data:  12%|â–ˆâ–        | 130M/1.13G [00:01<00:08, 111MB/s][A
Downloading data:  13%|â–ˆâ–Ž        | 142M/1.13G [00:01<00:08, 112MB/s][A
Downloading data:  14%|â–ˆâ–Ž        | 153M/1.13G [00:01<00:08, 112MB/s][A
Downloading data:  15%|â–ˆâ–        | 165M/1.13G [00:01<00:08, 114MB/s][A
Downloading data:  16%|â–ˆâ–Œ        | 176M/1.13G [00:01<00:08, 113MB/s][A
Downloading data:  17%|â–ˆâ–‹        | 188M/1.13G [00:01<00:08, 115MB/s][A
Downloading data:  18%|â–ˆâ–Š        | 199M/1.13G [00:01<00:08, 114MB/s][A
Downloading data:  19%|â–ˆâ–‰        | 211M/1.13G [00:02<00:07, 115MB/s][A
Downloading data:  20%|â–ˆâ–‰        | 223M/1.13G [00:02<00:07, 114MB/s][A
Downloading data:  21%|â–ˆâ–ˆ        | 234M/1.13G [00:02<00:07, 112MB/s][A
Downloading data:  22%|â–ˆâ–ˆâ–       | 245M/1.13G [00:02<00:07, 110MB/s][A
Downloading data:  23%|â–ˆâ–ˆâ–Ž       | 257M/1.13G [00:02<00:07, 113MB/s][A
Downloading data:  24%|â–ˆâ–ˆâ–       | 269M/1.13G [00:02<00:07, 115MB/s][A
Downloading data:  25%|â–ˆâ–ˆâ–       | 281M/1.13G [00:02<00:07, 115MB/s][A
Downloading data:  26%|â–ˆâ–ˆâ–Œ       | 292M/1.13G [00:02<00:07, 115MB/s][A
Downloading data:  27%|â–ˆâ–ˆâ–‹       | 304M/1.13G [00:02<00:07, 116MB/s][A
Downloading data:  28%|â–ˆâ–ˆâ–Š       | 316M/1.13G [00:02<00:06, 116MB/s][A
Downloading data:  29%|â–ˆâ–ˆâ–‰       | 327M/1.13G [00:03<00:06, 116MB/s][A
Downloading data:  30%|â–ˆâ–ˆâ–ˆ       | 339M/1.13G [00:03<00:06, 117MB/s][A
Downloading data:  31%|â–ˆâ–ˆâ–ˆ       | 351M/1.13G [00:03<00:06, 116MB/s][A
Downloading data:  32%|â–ˆâ–ˆâ–ˆâ–      | 362M/1.13G [00:03<00:06, 115MB/s][A
Downloading data:  33%|â–ˆâ–ˆâ–ˆâ–Ž      | 374M/1.13G [00:03<00:06, 116MB/s][A
Downloading data:  34%|â–ˆâ–ˆâ–ˆâ–      | 386M/1.13G [00:03<00:06, 116MB/s][A
Downloading data:  35%|â–ˆâ–ˆâ–ˆâ–Œ      | 397M/1.13G [00:03<00:06, 116MB/s][A
Downloading data:  36%|â–ˆâ–ˆâ–ˆâ–‹      | 409M/1.13G [00:03<00:06, 116MB/s][A
Downloading data:  37%|â–ˆâ–ˆâ–ˆâ–‹      | 420M/1.13G [00:03<00:06, 114MB/s][A
Downloading data:  38%|â–ˆâ–ˆâ–ˆâ–Š      | 432M/1.13G [00:03<00:06, 115MB/s][A
Downloading data:  39%|â–ˆâ–ˆâ–ˆâ–‰      | 444M/1.13G [00:04<00:05, 115MB/s][A
Downloading data:  40%|â–ˆâ–ˆâ–ˆâ–ˆ      | 455M/1.13G [00:04<00:05, 115MB/s][A
Downloading data:  41%|â–ˆâ–ˆâ–ˆâ–ˆâ–     | 467M/1.13G [00:04<00:05, 113MB/s][A
Downloading data:  43%|â–ˆâ–ˆâ–ˆâ–ˆâ–Ž     | 479M/1.13G [00:04<00:05, 114MB/s][A
Downloading data:  44%|â–ˆâ–ˆâ–ˆâ–ˆâ–Ž     | 490M/1.13G [00:04<00:05, 115MB/s][A
Downloading data:  45%|â–ˆâ–ˆâ–ˆâ–ˆâ–     | 502M/1.13G [00:04<00:05, 113MB/s][A
Downloading data:  46%|â–ˆâ–ˆâ–ˆâ–ˆâ–Œ     | 513M/1.13G [00:04<00:05, 112MB/s][A
Downloading data:  47%|â–ˆâ–ˆâ–ˆâ–ˆâ–‹     | 525M/1.13G [00:04<00:05, 115MB/s][A
Downloading data:  48%|â–ˆâ–ˆâ–ˆâ–ˆâ–Š     | 537M/1.13G [00:04<00:05, 111MB/s][A
Downloading data:  49%|â–ˆâ–ˆâ–ˆâ–ˆâ–‰     | 549M/1.13G [00:04<00:05, 114MB/s][A
Downloading data:  50%|â–ˆâ–ˆâ–ˆâ–ˆâ–‰     | 561M/1.13G [00:05<00:05, 111MB/s][A
Downloading data:  51%|â–ˆâ–ˆâ–ˆâ–ˆâ–ˆ     | 572M/1.13G [00:05<00:05, 111MB/s][A
Downloading data:  52%|â–ˆâ–ˆâ–ˆâ–ˆâ–ˆâ–    | 583M/1.13G [00:05<00:04, 111MB/s][A
Downloading data:  53%|â–ˆâ–ˆâ–ˆâ–ˆâ–ˆâ–Ž    | 594M/1.13G [00:05<00:04, 111MB/s][A
Downloading data:  54%|â–ˆâ–ˆâ–ˆâ–ˆâ–ˆâ–    | 606M/1.13G [00:05<00:04, 113MB/s][A
Downloading data:  55%|â–ˆâ–ˆâ–ˆâ–ˆâ–ˆâ–    | 618M/1.13G [00:05<00:04, 112MB/s][A
Downloading data:  56%|â–ˆâ–ˆâ–ˆâ–ˆâ–ˆâ–Œ    | 629M/1.13G [00:05<00:04, 110MB/s][A
Downloading data:  57%|â–ˆâ–ˆâ–ˆâ–ˆâ–ˆâ–‹    | 640M/1.13G [00:05<00:04, 111MB/s][A
Downloading data:  58%|â–ˆâ–ˆâ–ˆâ–ˆâ–ˆâ–Š    | 652M/1.13G [00:05<00:04, 111MB/s][A
Downloading data:  59%|â–ˆâ–ˆâ–ˆâ–ˆâ–ˆâ–‰    | 663M/1.13G [00:06<00:04, 111MB/s][A
Downloading data:  60%|â–ˆâ–ˆâ–ˆâ–ˆâ–ˆâ–‰    | 674M/1.13G [00:06<00:04, 111MB/s][A
Downloading data:  61%|â–ˆâ–ˆâ–ˆâ–ˆâ–ˆâ–ˆ    | 685M/1.13G [00:06<00:03, 110MB/s][A
Downloading data:  62%|â–ˆâ–ˆâ–ˆâ–ˆâ–ˆâ–ˆâ–   | 696M/1.13G [00:06<00:03, 111MB/s][A
Downloading data:  63%|â–ˆâ–ˆâ–ˆâ–ˆâ–ˆâ–ˆâ–Ž   | 708M/1.13G [00:06<00:03, 112MB/s][A
Downloading data:  64%|â–ˆâ–ˆâ–ˆâ–ˆâ–ˆâ–ˆâ–   | 719M/1.13G [00:06<00:03, 111MB/s][A
Downloading data:  65%|â–ˆâ–ˆâ–ˆâ–ˆâ–ˆâ–ˆâ–   | 730M/1.13G [00:06<00:03, 110MB/s][A
Downloading data:  66%|â–ˆâ–ˆâ–ˆâ–ˆâ–ˆâ–ˆâ–Œ   | 741M/1.13G [00:06<00:03, 110MB/s][A
Downloading data:  67%|â–ˆâ–ˆâ–ˆâ–ˆâ–ˆâ–ˆâ–‹   | 753M/1.13G [00:06<00:03, 111MB/s][A
Downloading data:  68%|â–ˆâ–ˆâ–ˆâ–ˆâ–ˆâ–ˆâ–Š   | 764M/1.13G [00:06<00:03, 111MB/s][A
Downloading data:  69%|â–ˆâ–ˆâ–ˆâ–ˆâ–ˆâ–ˆâ–‰   | 775M/1.13G [00:07<00:03, 112MB/s][A
Downloading data:  70%|â–ˆâ–ˆâ–ˆâ–ˆâ–ˆâ–ˆâ–‰   | 787M/1.13G [00:07<00:03, 111MB/s][A
Downloading data:  71%|â–ˆâ–ˆâ–ˆâ–ˆâ–ˆâ–ˆâ–ˆ   | 798M/1.13G [00:07<00:02, 112MB/s][A
Downloading data:  72%|â–ˆâ–ˆâ–ˆâ–ˆâ–ˆâ–ˆâ–ˆâ–  | 810M/1.13G [00:07<00:02, 115MB/s][A
Downloading data:  73%|â–ˆâ–ˆâ–ˆâ–ˆâ–ˆâ–ˆâ–ˆâ–Ž  | 822M/1.13G [00:07<00:02, 112MB/s][A
Downloading data:  74%|â–ˆâ–ˆâ–ˆâ–ˆâ–ˆâ–ˆâ–ˆâ–  | 833M/1.13G [00:07<00:02, 103MB/s][A
Downloading data:  75%|â–ˆâ–ˆâ–ˆâ–ˆâ–ˆâ–ˆâ–ˆâ–Œ  | 846M/1.13G [00:07<00:02, 109MB/s][A
Downloading data:  76%|â–ˆâ–ˆâ–ˆâ–ˆâ–ˆâ–ˆâ–ˆâ–Œ  | 858M/1.13G [00:07<00:02, 114MB/s][A
Downloading data:  77%|â–ˆâ–ˆâ–ˆâ–ˆâ–ˆâ–ˆâ–ˆâ–‹  | 870M/1.13G [00:07<00:02, 111MB/s][A
Downloading data:  78%|â–ˆâ–ˆâ–ˆâ–ˆâ–ˆâ–ˆâ–ˆâ–Š  | 881M/1.13G [00:07<00:02, 111MB/s][A
Downloading data:  79%|â–ˆâ–ˆâ–ˆâ–ˆâ–ˆâ–ˆâ–ˆâ–‰  | 892M/1.13G [00:08<00:02, 111MB/s][A
Downloading data:  80%|â–ˆâ–ˆâ–ˆâ–ˆâ–ˆâ–ˆâ–ˆâ–ˆ  | 904M/1.13G [00:08<00:01, 112MB/s][A
Downloading data:  81%|â–ˆâ–ˆâ–ˆâ–ˆâ–ˆâ–ˆâ–ˆâ–ˆâ– | 915M/1.13G [00:08<00:01, 106MB/s][A
Downloading data:  82%|â–ˆâ–ˆâ–ˆâ–ˆâ–ˆâ–ˆâ–ˆâ–ˆâ– | 928M/1.13G [00:08<00:01, 113MB/s][A
Downloading data:  83%|â–ˆâ–ˆâ–ˆâ–ˆâ–ˆâ–ˆâ–ˆâ–ˆâ–Ž | 940M/1.13G [00:08<00:01, 114MB/s][A
Downloading data:  85%|â–ˆâ–ˆâ–ˆâ–ˆâ–ˆâ–ˆâ–ˆâ–ˆâ– | 951M/1.13G [00:08<00:01, 115MB/s][A
Downloading data:  86%|â–ˆâ–ˆâ–ˆâ–ˆâ–ˆâ–ˆâ–ˆâ–ˆâ–Œ | 963M/1.13G [00:08<00:01, 109MB/s][A
Downloading data:  87%|â–ˆâ–ˆâ–ˆâ–ˆâ–ˆâ–ˆâ–ˆâ–ˆâ–‹ | 974M/1.13G [00:08<00:01, 109MB/s][A
Downloading data:  87%|â–ˆâ–ˆâ–ˆâ–ˆâ–ˆâ–ˆâ–ˆâ–ˆâ–‹ | 985M/1.13G [00:08<00:01, 109MB/s][A
Downloading data:  88%|â–ˆâ–ˆâ–ˆâ–ˆâ–ˆâ–ˆâ–ˆâ–ˆâ–Š | 996M/1.13G [00:09<00:01, 108MB/s][A
Downloading data:  90%|â–ˆâ–ˆâ–ˆâ–ˆâ–ˆâ–ˆâ–ˆâ–ˆâ–‰ | 1.01G/1.13G [00:09<00:01, 112MB/s][A
Downloading data:  91%|â–ˆâ–ˆâ–ˆâ–ˆâ–ˆâ–ˆâ–ˆâ–ˆâ–ˆ | 1.02G/1.13G [00:09<00:01, 103MB/s][A
Downloading data:  91%|â–ˆâ–ˆâ–ˆâ–ˆâ–ˆâ–ˆâ–ˆâ–ˆâ–ˆâ–| 1.03G/1.13G [00:09<00:00, 101MB/s][A
Downloading data:  93%|â–ˆâ–ˆâ–ˆâ–ˆâ–ˆâ–ˆâ–ˆâ–ˆâ–ˆâ–Ž| 1.04G/1.13G [00:09<00:00, 109MB/s][A
Downloading data:  94%|â–ˆâ–ˆâ–ˆâ–ˆâ–ˆâ–ˆâ–ˆâ–ˆâ–ˆâ–Ž| 1.06G/1.13G [00:09<00:00, 112MB/s][A
Downloading data:  95%|â–ˆâ–ˆâ–ˆâ–ˆâ–ˆâ–ˆâ–ˆâ–ˆâ–ˆâ–| 1.07G/1.13G [00:09<00:00, 113MB/s][A
Downloading data:  96%|â–ˆâ–ˆâ–ˆâ–ˆâ–ˆâ–ˆâ–ˆâ–ˆâ–ˆâ–Œ| 1.08G/1.13G [00:09<00:00, 114MB/s][A
Downloading data:  97%|â–ˆâ–ˆâ–ˆâ–ˆâ–ˆâ–ˆâ–ˆâ–ˆâ–ˆâ–‹| 1.09G/1.13G [00:09<00:00, 115MB/s][A
Downloading data:  98%|â–ˆâ–ˆâ–ˆâ–ˆâ–ˆâ–ˆâ–ˆâ–ˆâ–ˆâ–Š| 1.10G/1.13G [00:09<00:00, 116MB/s][A
Downloading data:  99%|â–ˆâ–ˆâ–ˆâ–ˆâ–ˆâ–ˆâ–ˆâ–ˆâ–ˆâ–‰| 1.11G/1.13G [00:10<00:00, 116MB/s][A
Downloading data: 100%|â–ˆâ–ˆâ–ˆâ–ˆâ–ˆâ–ˆâ–ˆâ–ˆâ–ˆâ–‰| 1.13G/1.13G [00:10<00:00, 68.3MB/s][ADownloading data: 100%|â–ˆâ–ˆâ–ˆâ–ˆâ–ˆâ–ˆâ–ˆâ–ˆâ–ˆâ–ˆ| 1.13G/1.13G [00:10<00:00, 108MB/s] 
Downloading data files:  50%|â–ˆâ–ˆâ–ˆâ–ˆâ–ˆ     | 1/2 [00:11<00:11, 11.29s/it]
Downloading data:   0%|          | 0.00/11.4M [00:00<?, ?B/s][A
Downloading data:   4%|â–         | 475k/11.4M [00:00<00:02, 4.75MB/s][A
Downloading data:  51%|â–ˆâ–ˆâ–ˆâ–ˆâ–ˆ     | 5.75M/11.4M [00:00<00:00, 33.0MB/s][ADownloading data: 100%|â–ˆâ–ˆâ–ˆâ–ˆâ–ˆâ–ˆâ–ˆâ–ˆâ–ˆâ–ˆ| 11.4M/11.4M [00:00<00:00, 46.3MB/s]
Downloading data files: 100%|â–ˆâ–ˆâ–ˆâ–ˆâ–ˆâ–ˆâ–ˆâ–ˆâ–ˆâ–ˆ| 2/2 [00:12<00:00,  5.25s/it]Downloading data files: 100%|â–ˆâ–ˆâ–ˆâ–ˆâ–ˆâ–ˆâ–ˆâ–ˆâ–ˆâ–ˆ| 2/2 [00:12<00:00,  6.15s/it]
Extracting data files:   0%|          | 0/2 [00:00<?, ?it/s]Extracting data files: 100%|â–ˆâ–ˆâ–ˆâ–ˆâ–ˆâ–ˆâ–ˆâ–ˆâ–ˆâ–ˆ| 2/2 [00:00<00:00, 1698.10it/s]
Generating train split: 0 examples [00:00, ? examples/s]Generating train split: 10000 examples [00:00, 20860.37 examples/s]Generating train split: 80000 examples [00:00, 169838.46 examples/s]Generating train split: 160000 examples [00:00, 298082.86 examples/s]Generating train split: 240000 examples [00:00, 390675.92 examples/s]Generating train split: 310000 examples [00:00, 450863.12 examples/s]Generating train split: 380000 examples [00:01, 493998.15 examples/s]Generating train split: 460000 examples [00:01, 531425.29 examples/s]Generating train split: 540000 examples [00:01, 558520.32 examples/s]Generating train split: 620000 examples [00:01, 582264.35 examples/s]Generating train split: 690000 examples [00:01, 594974.99 examples/s]Generating train split: 760000 examples [00:01, 601309.75 examples/s]Generating train split: 840000 examples [00:01, 608171.33 examples/s]Generating train split: 920000 examples [00:01, 615103.50 examples/s]Generating train split: 1000000 examples [00:02, 617915.34 examples/s]Generating train split: 1080000 examples [00:02, 624909.92 examples/s]Generating train split: 1150000 examples [00:02, 625974.79 examples/s]Generating train split: 1230000 examples [00:02, 632473.62 examples/s]Generating train split: 1310000 examples [00:02, 635766.78 examples/s]Generating train split: 1390000 examples [00:02, 647363.00 examples/s]Generating train split: 1460000 examples [00:02, 645602.87 examples/s]Generating train split: 1530000 examples [00:02, 636415.82 examples/s]Generating train split: 1610000 examples [00:03, 629912.62 examples/s]Generating train split: 1690000 examples [00:03, 626901.71 examples/s]Generating train split: 1760000 examples [00:03, 625118.96 examples/s]Generating train split: 1830000 examples [00:03, 621226.66 examples/s]Generating train split: 1910000 examples [00:03, 617196.70 examples/s]Generating train split: 1990000 examples [00:03, 615885.19 examples/s]Generating train split: 2070000 examples [00:03, 619950.70 examples/s]Generating train sDataset parquet downloaded and prepared to file:///ram/tmp/nRuaif___parquet/nRuaif--tinystories-gpt4-69e0c67f20b31c3b/0.0.0/2a3b91fbd88a2c90d1dbbb32b460cf621d31bd5b05b934492fdef7d8d6f236ec. Subsequent calls will reuse this data.
plit: 2140000 examples [00:03, 616621.33 examples/s]Generating train split: 2220000 examples [00:04, 628992.79 examples/s]Generating train split: 2290000 examples [00:04, 625514.15 examples/s]Generating train split: 2360000 examples [00:04, 624609.86 examples/s]Generating train split: 2430000 examples [00:04, 622416.56 examples/s]Generating train split: 2510000 examples [00:04, 632558.51 examples/s]Generating train split: 2590000 examples [00:04, 633991.82 examples/s]Generating train split: 2670000 examples [00:04, 633511.56 examples/s]                                                                      Generating test split: 0 examples [00:00, ? examples/s]                                                       Traceback (most recent call last):
  File "/vast/home/ajherman/attention/main.py", line 115, in <module>
    dataset = load_dataset("nRuaif/tinystories-gpt4",cache_dir=data_cache_dir,split='train')
              ^^^^^^^^^^^^^^^^^^^^^^^^^^^^^^^^^^^^^^^^^^^^^^^^^^^^^^^^^^^^^^^^^^^^^^^^^^^^^^
  File "/vast/home/ajherman/miniconda3/envs/pytorch/lib/python3.11/site-packages/datasets/load.py", line 1810, in load_dataset
    ds = builder_instance.as_dataset(split=split, verification_mode=verification_mode, in_memory=keep_in_memory)
         ^^^^^^^^^^^^^^^^^^^^^^^^^^^^^^^^^^^^^^^^^^^^^^^^^^^^^^^^^^^^^^^^^^^^^^^^^^^^^^^^^^^^^^^^^^^^^^^^^^^^^^^
  File "/vast/home/ajherman/miniconda3/envs/pytorch/lib/python3.11/site-packages/datasets/builder.py", line 1107, in as_dataset
    raise NotImplementedError(f"Loading a dataset cached in a {type(self._fs).__name__} is not supported.")
NotImplementedError: Loading a dataset cached in a LocalFileSystem is not supported.
10.389262 M parameters
Old caching folder datasets/nRuaif___parquet/nRuaif--tinystories-gpt4-69e0c67f20b31c3b/0.0.0/2a3b91fbd88a2c90d1dbbb32b460cf621d31bd5b05b934492fdef7d8d6f236ec for dataset parquet exists but no data were found. Removing it. 
Downloading and preparing dataset parquet/nRuaif--tinystories-gpt4 to file:///vast/home/ajherman/attention/datasets/nRuaif___parquet/nRuaif--tinystories-gpt4-69e0c67f20b31c3b/0.0.0/2a3b91fbd88a2c90d1dbbb32b460cf621d31bd5b05b934492fdef7d8d6f236ec...
Downloading data files:   0%|          | 0/2 [00:00<?, ?it/s]
Downloading data:   0%|          | 0.00/1.13G [00:00<?, ?B/s][A
Downloading data:   0%|          | 475k/1.13G [00:00<03:56, 4.75MB/s][A
Downloading data:   0%|          | 5.38M/1.13G [00:00<00:36, 30.8MB/s][A
Downloading data:   2%|â–         | 18.1M/1.13G [00:00<00:14, 74.7MB/s][A
Downloading data:   3%|â–Ž         | 28.5M/1.13G [00:00<00:12, 86.2MB/s][A
Downloading data:   4%|â–Ž         | 41.1M/1.13G [00:00<00:10, 100MB/s] [A
Downloading data:   5%|â–         | 52.4M/1.13G [00:00<00:10, 105MB/s][A
Downloading data:   6%|â–Œ         | 64.7M/1.13G [00:00<00:09, 110MB/s][A
Downloading data:   7%|â–‹         | 76.2M/1.13G [00:00<00:09, 112MB/s][A
Downloading data:   8%|â–Š         | 87.9M/1.13G [00:00<00:09, 113MB/s][A
Downloading data:   9%|â–‰         | 99.7M/1.13G [00:01<00:08, 115MB/s][A
Downloading data:  10%|â–‰         | 111M/1.13G [00:01<00:08, 115MB/s] [A
Downloading data:  11%|â–ˆ         | 123M/1.13G [00:01<00:08, 116MB/s][A
Downloading data:  12%|â–ˆâ–        | 135M/1.13G [00:01<00:08, 117MB/s][A
Downloading data:  13%|â–ˆâ–Ž        | 147M/1.13G [00:01<00:08, 116MB/s][A
Downloading data:  14%|â–ˆâ–        | 158M/1.13G [00:01<00:08, 115MB/s][A
Downloading data:  15%|â–ˆâ–Œ        | 170M/1.13G [00:01<00:08, 117MB/s][A
Downloading data:  16%|â–ˆâ–Œ        | 182M/1.13G [00:01<00:08, 117MB/s][A
Downloading data:  17%|â–ˆâ–‹        | 194M/1.13G [00:01<00:08, 116MB/s][A
Downloading data:  18%|â–ˆâ–Š        | 205M/1.13G [00:01<00:07, 116MB/s][A
Downloading data:  19%|â–ˆâ–‰        | 217M/1.13G [00:02<00:07, 117MB/s][A
Downloading data:  20%|â–ˆâ–ˆ        | 229M/1.13G [00:02<00:07, 114MB/s][A
Downloading data:  21%|â–ˆâ–ˆâ–       | 240M/1.13G [00:02<00:08, 105MB/s][A
Downloading data:  23%|â–ˆâ–ˆâ–Ž       | 254M/1.13G [00:02<00:07, 114MB/s][A
Downloading data:  24%|â–ˆâ–ˆâ–Ž       | 265M/1.13G [00:02<00:07, 110MB/s][A
Downloading data:  25%|â–ˆâ–ˆâ–       | 278M/1.13G [00:02<00:07, 116MB/s][A
Downloading data:  26%|â–ˆâ–ˆâ–Œ       | 290M/1.13G [00:02<00:07, 116MB/s][A
Downloading data:  27%|â–ˆâ–ˆâ–‹       | 302M/1.13G [00:02<00:07, 113MB/s][A
Downloading data:  28%|â–ˆâ–ˆâ–Š       | 314M/1.13G [00:02<00:06, 116MB/s][A
Downloading data:  29%|â–ˆâ–ˆâ–‰       | 326M/1.13G [00:02<00:07, 113MB/s][A
Downloading data:  30%|â–ˆâ–ˆâ–‰       | 337M/1.13G [00:03<00:07, 112MB/s][A
Downloading data:  31%|â–ˆâ–ˆâ–ˆ       | 351M/1.13G [00:03<00:06, 120MB/s][A
Downloading data:  32%|â–ˆâ–ˆâ–ˆâ–      | 363M/1.13G [00:03<00:06, 119MB/s][A
Downloading data:  33%|â–ˆâ–ˆâ–ˆâ–Ž      | 375M/1.13G [00:03<00:06, 114MB/s][A
Downloading data:  34%|â–ˆâ–ˆâ–ˆâ–      | 387M/1.13G [00:03<00:06, 116MB/s][A
Downloading data:  35%|â–ˆâ–ˆâ–ˆâ–Œ      | 400M/1.13G [00:03<00:06, 119MB/s][A
Downloading data:  37%|â–ˆâ–ˆâ–ˆâ–‹      | 412M/1.13G [00:03<00:06, 118MB/s][A
Downloading data:  38%|â–ˆâ–ˆâ–ˆâ–Š      | 423M/1.13G [00:03<00:06, 117MB/s][A
Downloading data:  39%|â–ˆâ–ˆâ–ˆâ–Š      | 435M/1.13G [00:03<00:06, 111MB/s][A
Downloading data:  40%|â–ˆâ–ˆâ–ˆâ–‰      | 448M/1.13G [00:04<00:05, 116MB/s][A
Downloading data:  41%|â–ˆâ–ˆâ–ˆâ–ˆ      | 460M/1.13G [00:04<00:05, 116MB/s][A
Downloading data:  42%|â–ˆâ–ˆâ–ˆâ–ˆâ–     | 471M/1.13G [00:04<00:05, 116MB/s][A
Downloading data:  43%|â–ˆâ–ˆâ–ˆâ–ˆâ–Ž     | 483M/1.13G [00:04<00:05, 116MB/s][A
Downloading data:  44%|â–ˆâ–ˆâ–ˆâ–ˆâ–     | 495M/1.13G [00:04<00:05, 116MB/s][A
Downloading data:  45%|â–ˆâ–ˆâ–ˆâ–ˆâ–     | 506M/1.13G [00:04<00:05, 116MB/s][A
Downloading data:  46%|â–ˆâ–ˆâ–ˆâ–ˆâ–Œ     | 518M/1.13G [00:04<00:05, 117MB/s][A
Downloading data:  47%|â–ˆâ–ˆâ–ˆâ–ˆâ–‹     | 530M/1.13G [00:04<00:05, 117MB/s][A
Downloading data:  48%|â–ˆâ–ˆâ–ˆâ–ˆâ–Š     | 542M/1.13G [00:04<00:05, 115MB/s][A
Downloading data:  49%|â–ˆâ–ˆâ–ˆâ–ˆâ–‰     | 553M/1.13G [00:04<00:04, 116MB/s][A
Downloading data:  50%|â–ˆâ–ˆâ–ˆâ–ˆâ–ˆ     | 565M/1.13G [00:05<00:04, 116MB/s][A
Downloading data:  51%|â–ˆâ–ˆâ–ˆâ–ˆâ–ˆ     | 576M/1.13G [00:05<00:04, 116MB/s][A
Downloading data:  52%|â–ˆâ–ˆâ–ˆâ–ˆâ–ˆâ–    | 588M/1.13G [00:05<00:04, 117MB/s][A
Downloading data:  53%|â–ˆâ–ˆâ–ˆâ–ˆâ–ˆâ–Ž    | 600M/1.13G [00:05<00:04, 116MB/s][A
Downloading data:  54%|â–ˆâ–ˆâ–ˆâ–ˆâ–ˆâ–    | 612M/1.13G [00:05<00:04, 117MB/s][A
Downloading data:  55%|â–ˆâ–ˆâ–ˆâ–ˆâ–ˆâ–Œ    | 623M/1.13G [00:05<00:04, 116MB/s][A
Downloading data:  56%|â–ˆâ–ˆâ–ˆâ–ˆâ–ˆâ–‹    | 635M/1.13G [00:05<00:04, 117MB/s][A
Downloading data:  57%|â–ˆâ–ˆâ–ˆâ–ˆâ–ˆâ–‹    | 647M/1.13G [00:05<00:04, 117MB/s][A
Downloading data:  58%|â–ˆâ–ˆâ–ˆâ–ˆâ–ˆâ–Š    | 659M/1.13G [00:05<00:04, 117MB/s][A
Downloading data:  60%|â–ˆâ–ˆâ–ˆâ–ˆâ–ˆâ–‰    | 670M/1.13G [00:05<00:04, 113MB/s][A
Downloading data:  61%|â–ˆâ–ˆâ–ˆâ–ˆâ–ˆâ–ˆ    | 682M/1.13G [00:06<00:04, 107MB/s][A
Downloading data:  61%|â–ˆâ–ˆâ–ˆâ–ˆâ–ˆâ–ˆâ–   | 692M/1.13G [00:06<00:04, 104MB/s][A
Downloading data:  63%|â–ˆâ–ˆâ–ˆâ–ˆâ–ˆâ–ˆâ–Ž   | 706M/1.13G [00:06<00:03, 114MB/s][A
Downloading data:  64%|â–ˆâ–ˆâ–ˆâ–ˆâ–ˆâ–ˆâ–   | 718M/1.13G [00:06<00:03, 114MB/s][A
Downloading data:  65%|â–ˆâ–ˆâ–ˆâ–ˆâ–ˆâ–ˆâ–   | 730M/1.13G [00:06<00:03, 114MB/s][A
Downloading data:  66%|â–ˆâ–ˆâ–ˆâ–ˆâ–ˆâ–ˆâ–Œ   | 741M/1.13G [00:06<00:03, 108MB/s][A
Downloading data:  67%|â–ˆâ–ˆâ–ˆâ–ˆâ–ˆâ–ˆâ–‹   | 755M/1.13G [00:06<00:03, 117MB/s][A
Downloading data:  68%|â–ˆâ–ˆâ–ˆâ–ˆâ–ˆâ–ˆâ–Š   | 767M/1.13G [00:06<00:03, 114MB/s][A
Downloading data:  69%|â–ˆâ–ˆâ–ˆâ–ˆâ–ˆâ–ˆâ–‰   | 779M/1.13G [00:06<00:03, 115MB/s][A
Downloading data:  70%|â–ˆâ–ˆâ–ˆâ–ˆâ–ˆâ–ˆâ–ˆ   | 791M/1.13G [00:07<00:02, 119MB/s][A
Downloading data:  71%|â–ˆâ–ˆâ–ˆâ–ˆâ–ˆâ–ˆâ–ˆâ–  | 803M/1.13G [00:07<00:02, 118MB/s][A
Downloading data:  72%|â–ˆâ–ˆâ–ˆâ–ˆâ–ˆâ–ˆâ–ˆâ–  | 815M/1.13G [00:07<00:02, 116MB/s][A
Downloading data:  73%|â–ˆâ–ˆâ–ˆâ–ˆâ–ˆâ–ˆâ–ˆâ–Ž  | 827M/1.13G [00:07<00:02, 107MB/s][A
Downloading data:  74%|â–ˆâ–ˆâ–ˆâ–ˆâ–ˆâ–ˆâ–ˆâ–  | 838M/1.13G [00:07<00:02, 102MB/s][A
Downloading data:  76%|â–ˆâ–ˆâ–ˆâ–ˆâ–ˆâ–ˆâ–ˆâ–Œ  | 852M/1.13G [00:07<00:02, 114MB/s][A
Downloading data:  77%|â–ˆâ–ˆâ–ˆâ–ˆâ–ˆâ–ˆâ–ˆâ–‹  | 864M/1.13G [00:07<00:02, 115MB/s][A
Downloading data:  78%|â–ˆâ–ˆâ–ˆâ–ˆâ–ˆâ–ˆâ–ˆâ–Š  | 876M/1.13G [00:07<00:02, 116MB/s][A
Downloading data:  79%|â–ˆâ–ˆâ–ˆâ–ˆâ–ˆâ–ˆâ–ˆâ–‰  | 887M/1.13G [00:07<00:02, 116MB/s][A
Downloading data:  80%|â–ˆâ–ˆâ–ˆâ–ˆâ–ˆâ–ˆâ–ˆâ–‰  | 899M/1.13G [00:07<00:01, 117MB/s][A
Downloading data:  81%|â–ˆâ–ˆâ–ˆâ–ˆâ–ˆâ–ˆâ–ˆâ–ˆ  | 911M/1.13G [00:08<00:01, 114MB/s][A
Downloading data:  82%|â–ˆâ–ˆâ–ˆâ–ˆâ–ˆâ–ˆâ–ˆâ–ˆâ– | 924M/1.13G [00:08<00:01, 118MB/s][A
Downloading data:  83%|â–ˆâ–ˆâ–ˆâ–ˆâ–ˆâ–ˆâ–ˆâ–ˆâ–Ž | 936M/1.13G [00:08<00:01, 117MB/s][A
Downloading data:  84%|â–ˆâ–ˆâ–ˆâ–ˆâ–ˆâ–ˆâ–ˆâ–ˆâ– | 947M/1.13G [00:08<00:01, 117MB/s][A
Downloading data:  85%|â–ˆâ–ˆâ–ˆâ–ˆâ–ˆâ–ˆâ–ˆâ–ˆâ–Œ | 959M/1.13G [00:08<00:01, 116MB/s][A
Downloading data:  86%|â–ˆâ–ˆâ–ˆâ–ˆâ–ˆâ–ˆâ–ˆâ–ˆâ–Œ | 971M/1.13G [00:08<00:01, 117MB/s][A
Downloading data:  87%|â–ˆâ–ˆâ–ˆâ–ˆâ–ˆâ–ˆâ–ˆâ–ˆâ–‹ | 983M/1.13G [00:08<00:01, 114MB/s][A
Downloading data:  88%|â–ˆâ–ˆâ–ˆâ–ˆâ–ˆâ–ˆâ–ˆâ–ˆâ–Š | 995M/1.13G [00:08<00:01, 117MB/s][A
Downloading data:  89%|â–ˆâ–ˆâ–ˆâ–ˆâ–ˆâ–ˆâ–ˆâ–ˆâ–‰ | 1.01G/1.13G [00:08<00:01, 117MB/s][A
Downloading data:  90%|â–ˆâ–ˆâ–ˆâ–ˆâ–ˆâ–ˆâ–ˆâ–ˆâ–ˆ | 1.02G/1.13G [00:08<00:00, 117MB/s][A
Downloading data:  92%|â–ˆâ–ˆâ–ˆâ–ˆâ–ˆâ–ˆâ–ˆâ–ˆâ–ˆâ–| 1.03G/1.13G [00:09<00:00, 113MB/s][A
Downloading data:  93%|â–ˆâ–ˆâ–ˆâ–ˆâ–ˆâ–ˆâ–ˆâ–ˆâ–ˆâ–Ž| 1.04G/1.13G [00:09<00:00, 118MB/s][A
Downloading data:  94%|â–ˆâ–ˆâ–ˆâ–ˆâ–ˆâ–ˆâ–ˆâ–ˆâ–ˆâ–Ž| 1.06G/1.13G [00:09<00:00, 118MB/s][A
Downloading data:  95%|â–ˆâ–ˆâ–ˆâ–ˆâ–ˆâ–ˆâ–ˆâ–ˆâ–ˆâ–| 1.07G/1.13G [00:09<00:00, 117MB/s][A
Downloading data:  96%|â–ˆâ–ˆâ–ˆâ–ˆâ–ˆâ–ˆâ–ˆâ–ˆâ–ˆâ–Œ| 1.08G/1.13G [00:09<00:00, 115MB/s][A
Downloading data:  97%|â–ˆâ–ˆâ–ˆâ–ˆâ–ˆâ–ˆâ–ˆâ–ˆâ–ˆâ–‹| 1.09G/1.13G [00:09<00:00, 117MB/s][A
Downloading data:  98%|â–ˆâ–ˆâ–ˆâ–ˆâ–ˆâ–ˆâ–ˆâ–ˆâ–ˆâ–Š| 1.10G/1.13G [00:09<00:00, 117MB/s][A
Downloading data:  99%|â–ˆâ–ˆâ–ˆâ–ˆâ–ˆâ–ˆâ–ˆâ–ˆâ–ˆâ–‰| 1.11G/1.13G [00:09<00:00, 117MB/s][ADownloading data: 100%|â–ˆâ–ˆâ–ˆâ–ˆâ–ˆâ–ˆâ–ˆâ–ˆâ–ˆâ–ˆ| 1.13G/1.13G [00:09<00:00, 114MB/s]
Downloading data files:  50%|â–ˆâ–ˆâ–ˆâ–ˆâ–ˆ     | 1/2 [00:21<00:21, 21.85s/it]Downloading data files: 100%|â–ˆâ–ˆâ–ˆâ–ˆâ–ˆâ–ˆâ–ˆâ–ˆâ–ˆâ–ˆ| 2/2 [00:21<00:00, 10.93s/it]
Extracting data files:   0%|          | 0/2 [00:00<?, ?it/s]Extracting data files: 100%|â–ˆâ–ˆâ–ˆâ–ˆâ–ˆâ–ˆâ–ˆâ–ˆâ–ˆâ–ˆ| 2/2 [00:00<00:00, 24.28it/s]
Generating train split: 0 examples [00:00, ? examples/s]Generating train split: 10000 examples [00:01, 5205.03 examples/s]Generating train split: 80000 examples [00:02, 52530.71 examples/s]Generating train split: 140000 examples [00:02, 100879.85 examples/s]Generating train split: 210000 examples [00:02, 164879.06 examples/s]Generating train split: 290000 examples [00:02, 240209.20 examples/s]Generating train split: 370000 examples [00:02, 312020.80 examples/s]Generating train split: 450000 examples [00:02, 378991.00 examples/s]Generating train split: 520000 examples [00:02, 428088.58 examples/s]Generating train split: 590000 examples [00:02, 470355.09 examples/s]                                                                     Traceback (most recent call last):
  File "/vast/home/ajherman/miniconda3/envs/pytorch/lib/python3.11/site-packages/datasets/builder.py", line 1860, in _prepare_split_single
    num_examples, num_bytes = writer.finalize()
                              ^^^^^^^^^^^^^^^^^
  File "/vast/home/ajherman/miniconda3/envs/pytorch/lib/python3.11/site-packages/datasets/arrow_writer.py", line 590, in finalize
    self.stream.close()
  File "/vast/home/ajherman/miniconda3/envs/pytorch/lib/python3.11/site-packages/fsspec/implementations/local.py", line 387, in close
    return self.f.close()
           ^^^^^^^^^^^^^^
OSError: [Errno 116] Stale file handle

During handling of the above exception, another exception occurred:

Traceback (most recent call last):
  File "/vast/home/ajherman/miniconda3/envs/pytorch/lib/python3.11/site-packages/datasets/builder.py", line 1882, in _prepare_split_single
    num_examples, num_bytes = writer.finalize()
                              ^^^^^^^^^^^^^^^^^
  File "/vast/home/ajherman/miniconda3/envs/pytorch/lib/python3.11/site-packages/datasets/arrow_writer.py", line 585, in finalize
    self._build_writer(self.schema)
  File "/vast/home/ajherman/miniconda3/envs/pytorch/lib/python3.11/site-packages/datasets/arrow_writer.py", line 398, in _build_writer
    self.pa_writer = self._WRITER_CLASS(self.stream, schema)
                     ^^^^^^^^^^^^^^^^^^^^^^^^^^^^^^^^^^^^^^^
  File "/vast/home/ajherman/miniconda3/envs/pytorch/lib/python3.11/site-packages/pyarrow/ipc.py", line 85, in __init__
    self._open(sink, schema, options=options)
  File "pyarrow/ipc.pxi", line 578, in pyarrow.lib._RecordBatchStreamWriter._open
  File "pyarrow/io.pxi", line 1807, in pyarrow.lib.get_writer
  File "pyarrow/io.pxi", line 214, in pyarrow.lib.NativeFile.get_output_stream
  File "pyarrow/io.pxi", line 228, in pyarrow.lib.NativeFile._assert_writable
  File "pyarrow/io.pxi", line 219, in pyarrow.lib.NativeFile._assert_open
ValueError: I/O operation on closed file

The above exception was the direct cause of the following exception:

Traceback (most recent call last):
  File "/vast/home/ajherman/attention/main.py", line 115, in <module>
    dataset = load_dataset("nRuaif/tinystories-gpt4",cache_dir=data_cache_dir,split='train')
              ^^^^^^^^^^^^^^^^^^^^^^^^^^^^^^^^^^^^^^^^^^^^^^^^^^^^^^^^^^^^^^^^^^^^^^^^^^^^^^
  File "/vast/home/ajherman/miniconda3/envs/pytorch/lib/python3.11/site-packages/datasets/load.py", line 1797, in load_dataset
    builder_instance.download_and_prepare(
  File "/vast/home/ajherman/miniconda3/envs/pytorch/lib/python3.11/site-packages/datasets/builder.py", line 890, in download_and_prepare
    self._download_and_prepare(
  File "/vast/home/ajherman/miniconda3/envs/pytorch/lib/python3.11/site-packages/datasets/builder.py", line 985, in _download_and_prepare
    self._prepare_split(split_generator, **prepare_split_kwargs)
  File "/vast/home/ajherman/miniconda3/envs/pytorch/lib/python3.11/site-packages/datasets/builder.py", line 1746, in _prepare_split
    for job_id, done, content in self._prepare_split_single(
  File "/vast/home/ajherman/miniconda3/envs/pytorch/lib/python3.11/site-packages/datasets/builder.py", line 1891, in _prepare_split_single
    raise DatasetGenerationError("An error occurred while generating the dataset") from e
datasets.builder.DatasetGenerationError: An error occurred while generating the dataset
10.389262 M parameters
Found cached dataset parquet (file:///vast/home/ajherman/attention/datasets/nRuaif___parquet/nRuaif--tinystories-gpt4-69e0c67f20b31c3b/0.0.0/2a3b91fbd88a2c90d1dbbb32b460cf621d31bd5b05b934492fdef7d8d6f236ec)
Traceback (most recent call last):
  File "/vast/home/ajherman/attention/main.py", line 115, in <module>
    dataset = load_dataset("nRuaif/tinystories-gpt4",cache_dir=data_cache_dir,split='train')
              ^^^^^^^^^^^^^^^^^^^^^^^^^^^^^^^^^^^^^^^^^^^^^^^^^^^^^^^^^^^^^^^^^^^^^^^^^^^^^^
  File "/vast/home/ajherman/miniconda3/envs/pytorch/lib/python3.11/site-packages/datasets/load.py", line 1810, in load_dataset
    ds = builder_instance.as_dataset(split=split, verification_mode=verification_mode, in_memory=keep_in_memory)
         ^^^^^^^^^^^^^^^^^^^^^^^^^^^^^^^^^^^^^^^^^^^^^^^^^^^^^^^^^^^^^^^^^^^^^^^^^^^^^^^^^^^^^^^^^^^^^^^^^^^^^^^
  File "/vast/home/ajherman/miniconda3/envs/pytorch/lib/python3.11/site-packages/datasets/builder.py", line 1107, in as_dataset
    raise NotImplementedError(f"Loading a dataset cached in a {type(self._fs).__name__} is not supported.")
NotImplementedError: Loading a dataset cached in a LocalFileSystem is not supported.
